<?xml version="1.0" encoding="UTF-8"?>
<!-- Generated by org.testng.reporters.JUnitReportReporter -->
<testsuite skipped="0" hostname="UTSA-PC" name="PrintText" tests="1" failures="0" timestamp="09 Jan 2019 10:50:51 GMT" time="0.031" errors="0">
  <testcase name="texttc" time="0.031" classname="PrintText"/>
</testsuite> <!-- PrintText -->
