<?xml version="1.0" encoding="UTF-8"?>
<!-- Generated by org.testng.reporters.JUnitReportReporter -->
<testsuite hostname="UTSA-PC" name="PrintText" tests="1" failures="0" timestamp="9 Jan 2019 10:51:25 GMT" time="0.008" errors="0">
  <testcase name="texttc" time="0.008" classname="PrintText"/>
</testsuite> <!-- PrintText -->
